<?xml version="1.0" encoding="utf-8"?><testsuites name="pytest tests"><testsuite name="pytest" errors="0" failures="0" skipped="0" tests="19" time="14.882" timestamp="2026-02-08T04:20:28.958710+00:00" hostname="agent-env-a9808e3f-8b99-4fe0-ad94-cec0a5d2c8b3"><testcase classname="backend.tests.test_api.TestHealthAndRoot" name="test_root_endpoint" time="0.059" /><testcase classname="backend.tests.test_api.TestHealthAndRoot" name="test_health_endpoint" time="0.384" /><testcase classname="backend.tests.test_api.TestPublicPots" name="test_list_pots" time="1.036" /><testcase classname="backend.tests.test_api.TestPublicPots" name="test_get_pot_kitchen" time="1.006" /><testcase classname="backend.tests.test_api.TestPublicPots" name="test_get_pot_honeymoon" time="1.035" /><testcase classname="backend.tests.test_api.TestPublicPots" name="test_get_pot_dream_home" time="1.023" /><testcase classname="backend.tests.test_api.TestPublicPots" name="test_get_pot_not_found" time="0.359" /><testcase classname="backend.tests.test_api.TestPublicPots" name="test_get_pot_contributors" time="1.067" /><testcase classname="backend.tests.test_api.TestAdminAuthentication" name="test_admin_login_with_capitalized_username" time="0.080" /><testcase classname="backend.tests.test_api.TestAdminAuthentication" name="test_admin_login_old_lowercase_rejected" time="0.032" /><testcase classname="backend.tests.test_api.TestAdminAuthentication" name="test_admin_login_invalid_password" time="0.032" /><testcase classname="backend.tests.test_api.TestAdminAuthentication" name="test_admin_login_invalid_username" time="0.033" /><testcase classname="backend.tests.test_api.TestAdminEndpoints" name="test_admin_dashboard" time="1.059" /><testcase classname="backend.tests.test_api.TestAdminEndpoints" name="test_admin_pots_list" time="1.056" /><testcase classname="backend.tests.test_api.TestAdminEndpoints" name="test_admin_contributions_list" time="1.112" /><testcase classname="backend.tests.test_api.TestAdminEndpoints" name="test_admin_endpoint_without_auth" time="0.038" /><testcase classname="backend.tests.test_api.TestSessionAndPayment" name="test_create_session" time="1.737" /><testcase classname="backend.tests.test_api.TestSessionAndPayment" name="test_create_session_validation" time="0.072" /><testcase classname="backend.tests.test_api.TestSessionAndPayment" name="test_create_razorpay_order" time="3.598" /></testsuite></testsuites>