<?xml version="1.0" encoding="utf-8"?><testsuites name="pytest tests"><testsuite name="pytest" errors="0" failures="0" skipped="0" tests="10" time="40.097" timestamp="2026-02-24T06:35:54.151529+00:00" hostname="agent-env-99289f77-f511-4f48-8c94-48553a6bac45"><testcase classname="backend.tests.test_data_accuracy.TestPotsDataAccuracy" name="test_pots_endpoint_returns_total_raised" time="1.145" /><testcase classname="backend.tests.test_data_accuracy.TestPotsDataAccuracy" name="test_pots_data_consistency_multiple_requests" time="2.597" /><testcase classname="backend.tests.test_data_accuracy.TestSinglePotAccuracy" name="test_single_pot_returns_fresh_total" time="2.159" /><testcase classname="backend.tests.test_data_accuracy.TestSinglePotAccuracy" name="test_pot_total_consistency_across_endpoints" time="4.467" /><testcase classname="backend.tests.test_data_accuracy.TestSessionProgressAccuracy" name="test_session_progress_structure" time="5.330" /><testcase classname="backend.tests.test_data_accuracy.TestSessionProgressAccuracy" name="test_session_progress_calculation_correctness" time="5.152" /><testcase classname="backend.tests.test_data_accuracy.TestSessionProgressAccuracy" name="test_session_progress_reflects_contribution_in_total" time="5.169" /><testcase classname="backend.tests.test_data_accuracy.TestDataFreshness" name="test_pots_list_reflects_new_contribution" time="4.732" /><testcase classname="backend.tests.test_data_accuracy.TestDataFreshness" name="test_multiple_pots_no_cross_contamination" time="4.764" /><testcase classname="backend.tests.test_data_accuracy.TestClearPrefetchedDataEquivalent" name="test_fresh_data_after_payment_flow" time="4.534" /></testsuite></testsuites>