<?xml version="1.0" encoding="utf-8"?><testsuites name="pytest tests"><testsuite name="pytest" errors="0" failures="0" skipped="0" tests="19" time="15.249" timestamp="2026-02-08T03:04:31.718390+00:00" hostname="agent-env-a9808e3f-8b99-4fe0-ad94-cec0a5d2c8b3"><testcase classname="backend.tests.test_api.TestHealthAndRoot" name="test_root_endpoint" time="0.078" /><testcase classname="backend.tests.test_api.TestHealthAndRoot" name="test_health_endpoint" time="0.448" /><testcase classname="backend.tests.test_api.TestPublicPots" name="test_list_pots" time="1.038" /><testcase classname="backend.tests.test_api.TestPublicPots" name="test_get_pot_kitchen" time="1.129" /><testcase classname="backend.tests.test_api.TestPublicPots" name="test_get_pot_honeymoon" time="1.103" /><testcase classname="backend.tests.test_api.TestPublicPots" name="test_get_pot_dream_home" time="1.031" /><testcase classname="backend.tests.test_api.TestPublicPots" name="test_get_pot_not_found" time="0.418" /><testcase classname="backend.tests.test_api.TestPublicPots" name="test_get_pot_contributors" time="1.100" /><testcase classname="backend.tests.test_api.TestAdminAuthentication" name="test_admin_login_with_capitalized_username" time="0.052" /><testcase classname="backend.tests.test_api.TestAdminAuthentication" name="test_admin_login_old_lowercase_rejected" time="0.037" /><testcase classname="backend.tests.test_api.TestAdminAuthentication" name="test_admin_login_invalid_password" time="0.037" /><testcase classname="backend.tests.test_api.TestAdminAuthentication" name="test_admin_login_invalid_username" time="0.031" /><testcase classname="backend.tests.test_api.TestAdminEndpoints" name="test_admin_dashboard" time="1.065" /><testcase classname="backend.tests.test_api.TestAdminEndpoints" name="test_admin_pots_list" time="1.062" /><testcase classname="backend.tests.test_api.TestAdminEndpoints" name="test_admin_contributions_list" time="1.090" /><testcase classname="backend.tests.test_api.TestAdminEndpoints" name="test_admin_endpoint_without_auth" time="0.075" /><testcase classname="backend.tests.test_api.TestSessionAndPayment" name="test_create_session" time="1.801" /><testcase classname="backend.tests.test_api.TestSessionAndPayment" name="test_create_session_validation" time="0.038" /><testcase classname="backend.tests.test_api.TestSessionAndPayment" name="test_create_razorpay_order" time="3.543" /></testsuite></testsuites>