<?xml version="1.0" encoding="utf-8"?><testsuites name="pytest tests"><testsuite name="pytest" errors="0" failures="0" skipped="0" tests="20" time="47.068" timestamp="2026-02-13T16:10:06.972932+00:00" hostname="agent-env-a9808e3f-8b99-4fe0-ad94-cec0a5d2c8b3"><testcase classname="backend.tests.test_upi_flow.TestConfigEndpoint" name="test_config_returns_payment_provider" time="0.295" /><testcase classname="backend.tests.test_upi_flow.TestUpiSessionCreate" name="test_create_upi_session_valid_allocations" time="2.618" /><testcase classname="backend.tests.test_upi_flow.TestUpiSessionCreate" name="test_create_upi_session_multiple_allocations" time="2.555" /><testcase classname="backend.tests.test_upi_flow.TestUpiSessionCreate" name="test_create_upi_session_empty_allocations_returns_400" time="0.153" /><testcase classname="backend.tests.test_upi_flow.TestUpiSessionCreate" name="test_create_upi_session_no_allocations_returns_400" time="0.355" /><testcase classname="backend.tests.test_upi_flow.TestUpiSessionCreate" name="test_create_upi_session_zero_amount_returns_400" time="1.357" /><testcase classname="backend.tests.test_upi_flow.TestUpiBlessingConfirm" name="test_confirm_blessing_valid_data" time="6.688" /><testcase classname="backend.tests.test_upi_flow.TestUpiBlessingConfirm" name="test_confirm_blessing_with_utr" time="4.316" /><testcase classname="backend.tests.test_upi_flow.TestUpiBlessingConfirm" name="test_confirm_blessing_missing_name_returns_400" time="2.764" /><testcase classname="backend.tests.test_upi_flow.TestUpiBlessingConfirm" name="test_confirm_blessing_missing_phone_returns_400" time="2.579" /><testcase classname="backend.tests.test_upi_flow.TestUpiBlessingConfirm" name="test_confirm_blessing_missing_message_returns_400" time="2.671" /><testcase classname="backend.tests.test_upi_flow.TestUpiBlessingConfirm" name="test_confirm_blessing_missing_session_returns_400" time="0.166" /><testcase classname="backend.tests.test_upi_flow.TestUpiBlessingConfirm" name="test_confirm_blessing_already_paid_returns_400" time="3.976" /><testcase classname="backend.tests.test_upi_flow.TestUpiBlessingConfirm" name="test_confirm_blessing_invalid_session_returns_404" time="0.506" /><testcase classname="backend.tests.test_upi_flow.TestAdminContributionStatus" name="test_admin_mark_received_sets_paid" time="3.805" /><testcase classname="backend.tests.test_upi_flow.TestAdminContributionStatus" name="test_admin_mark_failed" time="3.663" /><testcase classname="backend.tests.test_upi_flow.TestAdminContributionStatus" name="test_admin_invalid_status_returns_400" time="2.688" /><testcase classname="backend.tests.test_upi_flow.TestAdminContributionStatus" name="test_admin_status_requires_auth" time="2.516" /><testcase classname="backend.tests.test_upi_flow.TestRazorpayEndpointsStillWork" name="test_pots_endpoint_works" time="1.214" /><testcase classname="backend.tests.test_upi_flow.TestRazorpayEndpointsStillWork" name="test_session_create_or_update_works" time="2.059" /></testsuite></testsuites>