<?xml version="1.0" encoding="utf-8"?><testsuites name="pytest tests"><testsuite name="pytest" errors="0" failures="1" skipped="0" tests="20" time="44.363" timestamp="2026-02-13T15:41:18.856724+00:00" hostname="agent-env-a9808e3f-8b99-4fe0-ad94-cec0a5d2c8b3"><testcase classname="tests.test_upi_flow.TestConfigEndpoint" name="test_config_returns_payment_provider" time="0.194" /><testcase classname="tests.test_upi_flow.TestUpiSessionCreate" name="test_create_upi_session_valid_allocations" time="2.487" /><testcase classname="tests.test_upi_flow.TestUpiSessionCreate" name="test_create_upi_session_multiple_allocations" time="2.801" /><testcase classname="tests.test_upi_flow.TestUpiSessionCreate" name="test_create_upi_session_empty_allocations_returns_400" time="0.156" /><testcase classname="tests.test_upi_flow.TestUpiSessionCreate" name="test_create_upi_session_no_allocations_returns_400" time="0.109" /><testcase classname="tests.test_upi_flow.TestUpiSessionCreate" name="test_create_upi_session_zero_amount_returns_400" time="1.371" /><testcase classname="tests.test_upi_flow.TestUpiBlessingConfirm" name="test_confirm_blessing_valid_data" time="3.849" /><testcase classname="tests.test_upi_flow.TestUpiBlessingConfirm" name="test_confirm_blessing_with_utr" time="4.068" /><testcase classname="tests.test_upi_flow.TestUpiBlessingConfirm" name="test_confirm_blessing_missing_name_returns_400" time="2.480" /><testcase classname="tests.test_upi_flow.TestUpiBlessingConfirm" name="test_confirm_blessing_missing_phone_returns_400" time="2.624" /><testcase classname="tests.test_upi_flow.TestUpiBlessingConfirm" name="test_confirm_blessing_missing_message_returns_400" time="2.625" /><testcase classname="tests.test_upi_flow.TestUpiBlessingConfirm" name="test_confirm_blessing_missing_session_returns_400" time="0.180" /><testcase classname="tests.test_upi_flow.TestUpiBlessingConfirm" name="test_confirm_blessing_already_paid_returns_400" time="4.460" /><testcase classname="tests.test_upi_flow.TestUpiBlessingConfirm" name="test_confirm_blessing_invalid_session_returns_404" time="0.451"><failure message="assert 521 == 404&#10; +  where 521 = &lt;Response [521]&gt;.status_code">tests/test_upi_flow.py:204: in test_confirm_blessing_invalid_session_returns_404
    assert response.status_code == 404
E   assert 521 == 404
E    +  where 521 = &lt;Response [521]&gt;.status_code</failure></testcase><testcase classname="tests.test_upi_flow.TestAdminContributionStatus" name="test_admin_mark_received_sets_paid" time="3.956" /><testcase classname="tests.test_upi_flow.TestAdminContributionStatus" name="test_admin_mark_failed" time="3.768" /><testcase classname="tests.test_upi_flow.TestAdminContributionStatus" name="test_admin_invalid_status_returns_400" time="2.727" /><testcase classname="tests.test_upi_flow.TestAdminContributionStatus" name="test_admin_status_requires_auth" time="2.453" /><testcase classname="tests.test_upi_flow.TestRazorpayEndpointsStillWork" name="test_pots_endpoint_works" time="1.255" /><testcase classname="tests.test_upi_flow.TestRazorpayEndpointsStillWork" name="test_session_create_or_update_works" time="2.251" /></testsuite></testsuites>