<?xml version="1.0" encoding="utf-8"?><testsuites name="pytest tests"><testsuite name="pytest" errors="0" failures="0" skipped="0" tests="28" time="23.482" timestamp="2026-02-08T03:20:51.557629+00:00" hostname="agent-env-a9808e3f-8b99-4fe0-ad94-cec0a5d2c8b3"><testcase classname="backend.tests.test_api.TestHealthAndRoot" name="test_root_endpoint" time="0.070" /><testcase classname="backend.tests.test_api.TestHealthAndRoot" name="test_health_endpoint" time="0.403" /><testcase classname="backend.tests.test_api.TestPublicPots" name="test_list_pots" time="1.040" /><testcase classname="backend.tests.test_api.TestPublicPots" name="test_get_pot_kitchen" time="1.026" /><testcase classname="backend.tests.test_api.TestPublicPots" name="test_get_pot_honeymoon" time="1.033" /><testcase classname="backend.tests.test_api.TestPublicPots" name="test_get_pot_dream_home" time="1.070" /><testcase classname="backend.tests.test_api.TestPublicPots" name="test_get_pot_not_found" time="0.387" /><testcase classname="backend.tests.test_api.TestPublicPots" name="test_get_pot_contributors" time="1.064" /><testcase classname="backend.tests.test_api.TestAdminAuthentication" name="test_admin_login_with_capitalized_username" time="0.053" /><testcase classname="backend.tests.test_api.TestAdminAuthentication" name="test_admin_login_old_lowercase_rejected" time="0.047" /><testcase classname="backend.tests.test_api.TestAdminAuthentication" name="test_admin_login_invalid_password" time="0.035" /><testcase classname="backend.tests.test_api.TestAdminAuthentication" name="test_admin_login_invalid_username" time="0.043" /><testcase classname="backend.tests.test_api.TestAdminEndpoints" name="test_admin_dashboard" time="1.097" /><testcase classname="backend.tests.test_api.TestAdminEndpoints" name="test_admin_pots_list" time="1.077" /><testcase classname="backend.tests.test_api.TestAdminEndpoints" name="test_admin_contributions_list" time="1.108" /><testcase classname="backend.tests.test_api.TestAdminEndpoints" name="test_admin_endpoint_without_auth" time="0.042" /><testcase classname="backend.tests.test_api.TestSessionAndPayment" name="test_create_session" time="1.878" /><testcase classname="backend.tests.test_api.TestSessionAndPayment" name="test_create_session_validation" time="0.036" /><testcase classname="backend.tests.test_api.TestSessionAndPayment" name="test_create_razorpay_order" time="4.319" /><testcase classname="backend.tests.test_razorpay_redirect.TestRazorpayCallback" name="test_callback_endpoint_exists" time="0.409" /><testcase classname="backend.tests.test_razorpay_redirect.TestRazorpayCallback" name="test_callback_invalid_signature_redirects_to_failed" time="0.386" /><testcase classname="backend.tests.test_razorpay_redirect.TestRazorpayCallback" name="test_callback_with_empty_data_redirects_to_failed" time="0.351" /><testcase classname="backend.tests.test_razorpay_redirect.TestRazorpayCallback" name="test_callback_returns_form_urlencoded_format" time="0.365" /><testcase classname="backend.tests.test_razorpay_redirect.TestRazorpayCallback" name="test_callback_get_method_not_allowed" time="0.034" /><testcase classname="backend.tests.test_razorpay_redirect.TestSessionPolling" name="test_session_polling_not_found" time="0.385" /><testcase classname="backend.tests.test_razorpay_redirect.TestSessionPolling" name="test_session_creation_and_polling" time="2.154" /><testcase classname="backend.tests.test_razorpay_redirect.TestRazorpayOrderWithCallback" name="test_full_order_creation_flow" time="3.446" /><testcase classname="backend.tests.test_razorpay_redirect.TestWebhookEndpoint" name="test_webhook_rejects_invalid_signature" time="0.042" /></testsuite></testsuites>