<?xml version="1.0" encoding="utf-8"?><testsuites name="pytest tests"><testsuite name="pytest" errors="0" failures="0" skipped="2" tests="9" time="21.224" timestamp="2026-02-14T16:30:16.972985+00:00" hostname="agent-env-f3978bd6-eeaf-4fd1-858c-ddb693240037"><testcase classname="backend.tests.test_ui_improvements.TestPresetAmounts" name="test_frontend_preset_amounts" time="0.000" /><testcase classname="backend.tests.test_ui_improvements.TestPhoneValidation" name="test_phone_validation_function" time="0.000" /><testcase classname="backend.tests.test_ui_improvements.TestSubmittedAtTimestamp" name="test_blessing_confirm_saves_timestamp" time="9.695"><skipped type="pytest.skip" message="Database/network not available - skipping timestamp test">/app/backend/tests/test_ui_improvements.py:76: Database/network not available - skipping timestamp test</skipped></testcase><testcase classname="backend.tests.test_ui_improvements.TestBlessingPlaceholder" name="test_placeholder_text" time="0.000" /><testcase classname="backend.tests.test_ui_improvements.TestAPIHealth" name="test_health_endpoint" time="0.477" /><testcase classname="backend.tests.test_ui_improvements.TestAPIHealth" name="test_config_endpoint" time="0.109" /><testcase classname="backend.tests.test_ui_improvements.TestUpiFlowComplete" name="test_upi_session_create" time="10.611"><skipped type="pytest.skip" message="Database/network error - skipping test">/app/backend/tests/test_ui_improvements.py:142: Database/network error - skipping test</skipped></testcase><testcase classname="backend.tests.test_ui_improvements.TestUpiFlowComplete" name="test_upi_session_with_invalid_amount" time="0.146" /><testcase classname="backend.tests.test_ui_improvements.TestUpiFlowComplete" name="test_upi_session_with_empty_allocations" time="0.127" /></testsuite></testsuites>